2026-01-02 20:22:23,541 [INFO] Activator:176 - 


2026-01-02 20:22:23,546 [INFO] Activator:177 - !SESSION log4j initialized
2026-01-02 20:22:28,372 [INFO] LogOutputStream:77 - [STDOUT_REDIRECT] 
2026-01-02 20:22:30,009 [ERROR] LogOutputStream:75 - [STDERR_REDIRECT] 
2026-01-02 20:22:33,060 [INFO] LogOutputStream:77 - [STDOUT_REDIRECT] 
2026-01-02 20:22:34,779 [INFO] ApplicationProperties:184 - Using Application install path: /Applications/STM32CubeIDE.app/Contents/Eclipse/plugins/com.st.stm32cube.common.mx_6.15.0.202507011659
2026-01-02 20:22:34,796 [INFO] DbMcusXml:78 - Set database path to: /Applications/STM32CubeIDE.app/Contents/Eclipse/plugins/com.st.stm32cube.common.mx_6.15.0.202507011659//db//mcu/
2026-01-02 20:22:34,797 [INFO] ApiDb:274 - Set plugin database path to: /Applications/STM32CubeIDE.app/Contents/Eclipse/plugins/com.st.stm32cube.common.mx_6.15.0.202507011659//db//plugins/boardmanager/
2026-01-02 20:22:34,800 [WARN] ApiDb:259 - Overriding images path with different value:  => /Applications/STM32CubeIDE.app/Contents/Eclipse/plugins/com.st.stm32cube.common.mx_6.15.0.202507011659//db//plugins/mcufinder/images/
2026-01-02 20:22:34,808 [INFO] ApiDb:250 - Set database path to: /Users/sheen/.stmcufinder/plugins/mcufinder//mcu/
2026-01-02 20:22:34,808 [INFO] DbMcusAds:125 - Set database path to: /Users/sheen/.stmcufinder/plugins/mcufinder//mcu/
2026-01-02 20:22:34,812 [INFO] CrossReferenceDbSqlite:203 - Set database path to: /Users/sheen/.stmcufinder/plugins/mcufinder//mcu/cs/
2026-01-02 20:22:35,000 [INFO] RulesReader:64 - Compatibility file has been processed (317 Rules)
2026-01-02 20:22:35,056 [INFO] DbMcusXml:78 - Set database path to: /Applications/STM32CubeIDE.app/Contents/Eclipse/plugins/com.st.stm32cube.common.mx_6.15.0.202507011659//db//mcu/
2026-01-02 20:22:35,056 [INFO] ApiDb:274 - Set plugin database path to: /Applications/STM32CubeIDE.app/Contents/Eclipse/plugins/com.st.stm32cube.common.mx_6.15.0.202507011659//db//plugins/boardmanager/
2026-01-02 20:22:35,057 [INFO] ApiDb:261 - Set plugin images path to: /Applications/STM32CubeIDE.app/Contents/Eclipse/plugins/com.st.stm32cube.common.mx_6.15.0.202507011659//db//plugins/mcufinder/images/
2026-01-02 20:22:35,057 [WARN] DbFile:41 - Overriding database path with different value: /Users/sheen/.stmcufinder/plugins/mcufinder/ => /Users/sheen/.stmcufinder/plugins/mcufinder
2026-01-02 20:22:35,057 [INFO] ApiDb:250 - Set database path to: /Users/sheen/.stmcufinder/plugins/mcufinder//mcu/
2026-01-02 20:22:35,057 [WARN] DbFile:41 - Overriding database path with different value: /Users/sheen/.stmcufinder/plugins/mcufinder/ => /Users/sheen/.stmcufinder/plugins/mcufinder
2026-01-02 20:22:35,057 [INFO] DbMcusAds:125 - Set database path to: /Users/sheen/.stmcufinder/plugins/mcufinder//mcu/
2026-01-02 20:22:35,057 [WARN] DbFile:41 - Overriding database path with different value: /Users/sheen/.stmcufinder/plugins/mcufinder/ => /Users/sheen/.stmcufinder/plugins/mcufinder
2026-01-02 20:22:35,057 [WARN] DbFile:41 - Overriding database path with different value: /Users/sheen/.stmcufinder/plugins/mcufinder/ => /Users/sheen/.stmcufinder/plugins/mcufinder
2026-01-02 20:22:35,058 [INFO] CrossReferenceDbSqlite:203 - Set database path to: /Users/sheen/.stmcufinder/plugins/mcufinder//mcu/cs/
2026-01-02 20:22:35,174 [INFO] MainPanel:274 - HeapMemory: 268435456
2026-01-02 20:22:35,817 [INFO] DbMcusXml:78 - Set database path to: /Applications/STM32CubeIDE.app/Contents/Eclipse/plugins/com.st.stm32cube.common.mx_6.15.0.202507011659//db//mcu/
2026-01-02 20:22:35,817 [INFO] ApiDb:274 - Set plugin database path to: /Applications/STM32CubeIDE.app/Contents/Eclipse/plugins/com.st.stm32cube.common.mx_6.15.0.202507011659//db//plugins/boardmanager/
2026-01-02 20:22:35,818 [INFO] ApiDb:261 - Set plugin images path to: /Applications/STM32CubeIDE.app/Contents/Eclipse/plugins/com.st.stm32cube.common.mx_6.15.0.202507011659//db//plugins/mcufinder/images/
2026-01-02 20:22:35,820 [WARN] DbFile:41 - Overriding database path with different value: /Users/sheen/.stmcufinder/plugins/mcufinder/ => /Users/sheen/.stmcufinder/plugins/mcufinder
2026-01-02 20:22:35,820 [INFO] ApiDb:250 - Set database path to: /Users/sheen/.stmcufinder/plugins/mcufinder//mcu/
2026-01-02 20:22:35,820 [WARN] DbFile:41 - Overriding database path with different value: /Users/sheen/.stmcufinder/plugins/mcufinder/ => /Users/sheen/.stmcufinder/plugins/mcufinder
2026-01-02 20:22:35,820 [INFO] DbMcusAds:125 - Set database path to: /Users/sheen/.stmcufinder/plugins/mcufinder//mcu/
2026-01-02 20:22:35,820 [WARN] DbFile:41 - Overriding database path with different value: /Users/sheen/.stmcufinder/plugins/mcufinder/ => /Users/sheen/.stmcufinder/plugins/mcufinder
2026-01-02 20:22:35,820 [WARN] DbFile:41 - Overriding database path with different value: /Users/sheen/.stmcufinder/plugins/mcufinder/ => /Users/sheen/.stmcufinder/plugins/mcufinder
2026-01-02 20:22:35,820 [INFO] CrossReferenceDbSqlite:203 - Set database path to: /Users/sheen/.stmcufinder/plugins/mcufinder//mcu/cs/
2026-01-02 20:22:35,849 [INFO] ApplicationProperties:184 - Using Application install path: /Applications/STM32CubeIDE.app/Contents/Eclipse/plugins/com.st.stm32cube.common.mx_6.15.0.202507011659
2026-01-02 20:22:35,850 [INFO] PluginManage:196 - Search for loadable plugins [exclusion list=, ]
2026-01-02 20:22:35,853 [INFO] PluginManage:310 - Check plugin analytics
2026-01-02 20:22:36,517 [INFO] AnalyticsPlugin:253 - Accepted Software Licenses: STM32CubeMX.6.15.0
2026-01-02 20:22:36,518 [INFO] AnalyticsPlugin:255 - Accepted CMSIS Pack Licenses: 
2026-01-02 20:22:36,518 [INFO] AnalyticsPlugin:257 - Accepted Firmware Licenses: FW.F4.1.28.0
2026-01-02 20:22:36,534 [INFO] PluginManage:359 - Loaded plugin analytics (category:tool,tabindex:-1)
2026-01-02 20:22:36,538 [INFO] PluginManage:310 - Check plugin cadmodel
2026-01-02 20:22:36,569 [INFO] CADModel:105 - Init CAD model plugin
2026-01-02 20:22:36,570 [INFO] PluginManage:359 - Loaded plugin cadmodel (category:power,tabindex:5)
2026-01-02 20:22:36,571 [INFO] PluginManage:310 - Check plugin clock
2026-01-02 20:22:36,603 [INFO] PluginManage:359 - Loaded plugin clock (category:base,tabindex:2)
2026-01-02 20:22:36,604 [INFO] PluginManage:310 - Check plugin ddr
2026-01-02 20:22:36,612 [INFO] PluginManage:359 - Loaded plugin ddr (category:tool,tabindex:6)
2026-01-02 20:22:36,613 [INFO] PluginManage:310 - Check plugin filemanager
2026-01-02 20:22:36,990 [INFO] PluginManage:359 - Loaded plugin filemanager (category:base,tabindex:10)
2026-01-02 20:22:36,991 [INFO] PluginManage:310 - Check plugin ipmanager
2026-01-02 20:22:37,019 [INFO] PluginManage:359 - Loaded plugin ipmanager (category:base,tabindex:5)
2026-01-02 20:22:37,020 [INFO] PluginManage:310 - Check plugin lpbam
2026-01-02 20:22:37,046 [INFO] PluginManage:359 - Loaded plugin lpbam (category:base,tabindex:0)
2026-01-02 20:22:37,048 [INFO] PluginManage:310 - Check plugin memorymap
2026-01-02 20:22:37,073 [INFO] PluginManage:359 - Loaded plugin memorymap (category:base,tabindex:4)
2026-01-02 20:22:37,073 [INFO] PluginManage:310 - Check plugin pinoutandconfiguration
2026-01-02 20:22:37,087 [INFO] PluginManage:359 - Loaded plugin pinoutandconfiguration (category:base,tabindex:1)
2026-01-02 20:22:37,088 [INFO] PluginManage:310 - Check plugin pinoutconfig
2026-01-02 20:22:37,263 [WARN] SupportedApi:132 - Cannot load RTOS API schema: s4s-elt-must-match.1: The content of 'definitions' must match (annotation?, (simpleType | complexType)?, (unique | key | keyref)*)). A problem was found starting at: attribute.
2026-01-02 20:22:37,495 [INFO] PluginManage:359 - Loaded plugin pinoutconfig (category:base,tabindex:0)
2026-01-02 20:22:37,495 [INFO] PluginManage:310 - Check plugin power
2026-01-02 20:22:37,513 [INFO] PluginManage:359 - Loaded plugin power (category:power,tabindex:4)
2026-01-02 20:22:37,514 [INFO] PluginManage:310 - Check plugin projectmanager
2026-01-02 20:22:37,566 [INFO] PluginManage:359 - Loaded plugin projectmanager (category:projectmanager,tabindex:4)
2026-01-02 20:22:37,566 [INFO] PluginManage:310 - Check plugin rif
2026-01-02 20:22:37,580 [INFO] PluginManage:359 - Loaded plugin rif (category:base,tabindex:3)
2026-01-02 20:22:37,581 [INFO] PluginManage:310 - Check plugin thirdparty
2026-01-02 20:22:37,922 [INFO] PluginManage:359 - Loaded plugin thirdparty (category:base,tabindex:-1)
2026-01-02 20:22:37,921 [WARN] IntegrityCheckThread:84 - waiting for thirdparty lock release [integrity check]
2026-01-02 20:22:37,925 [INFO] PluginManage:310 - Check plugin tools
2026-01-02 20:22:37,927 [INFO] IntegrityCheckThread:86 - entering critical section [integrity check]
2026-01-02 20:22:37,928 [INFO] ThirdPartyUpdaterWithRetryManager:70 - Updater plugin not ready yet. [1/15]
2026-01-02 20:22:37,931 [INFO] PluginManage:359 - Loaded plugin tools (category:base,tabindex:7)
2026-01-02 20:22:37,932 [INFO] PluginManage:310 - Check plugin tutovideos
2026-01-02 20:22:38,705 [INFO] PluginManage:359 - Loaded plugin tutovideos (category:base,tabindex:-1)
2026-01-02 20:22:38,706 [INFO] PluginManage:310 - Check plugin updater
2026-01-02 20:22:38,783 [INFO] PluginManage:359 - Loaded plugin updater (category:base,tabindex:12)
2026-01-02 20:22:38,783 [INFO] PluginManage:310 - Check plugin userauth
2026-01-02 20:22:38,794 [INFO] UserAuth:118 - Init User Auth plugin
2026-01-02 20:22:38,799 [INFO] PluginManage:359 - Loaded plugin userauth (category:base,tabindex:14)
2026-01-02 20:22:38,806 [INFO] PluginManage:283 - PluginManage : Loaded plugins [18]
2026-01-02 20:22:39,584 [INFO] PinOutPanel:1589 - setPackage(No Configuration,No Configuration)
2026-01-02 20:22:39,818 [INFO] CADModel:165 - CPN selected for project level
2026-01-02 20:22:39,818 [INFO] CADModel:114 - Register for checkConnection events
2026-01-02 20:22:39,849 [INFO] IPUIPlugin:80 - create IPUIPlugin
2026-01-02 20:22:39,850 [INFO] PluginManager:220 - loadIPPluginJar : add mdma
2026-01-02 20:22:39,865 [INFO] IPUIPlugin:80 - create IPUIPlugin
2026-01-02 20:22:39,866 [INFO] PluginManager:220 - loadIPPluginJar : add freertos
2026-01-02 20:22:39,875 [INFO] IPUIPlugin:80 - create IPUIPlugin
2026-01-02 20:22:39,875 [INFO] PluginManager:220 - loadIPPluginJar : add gic
2026-01-02 20:22:39,892 [INFO] IPUIPlugin:80 - create IPUIPlugin
2026-01-02 20:22:39,893 [INFO] PluginManager:220 - loadIPPluginJar : add adc
2026-01-02 20:22:39,901 [INFO] IPUIPlugin:80 - create IPUIPlugin
2026-01-02 20:22:39,901 [INFO] PluginManager:220 - loadIPPluginJar : add gtzc
2026-01-02 20:22:39,902 [INFO] IPUIPlugin:80 - create IPUIPlugin
2026-01-02 20:22:39,902 [INFO] PluginManager:220 - loadIPPluginJar : add quadspi
2026-01-02 20:22:39,904 [INFO] IPUIPlugin:80 - create IPUIPlugin
2026-01-02 20:22:39,905 [INFO] PluginManager:220 - loadIPPluginJar : add aes
2026-01-02 20:22:39,907 [INFO] IPUIPlugin:80 - create IPUIPlugin
2026-01-02 20:22:39,907 [INFO] PluginManager:220 - loadIPPluginJar : add pdm2pcm
2026-01-02 20:22:39,908 [INFO] IPUIPlugin:80 - create IPUIPlugin
2026-01-02 20:22:39,908 [INFO] PluginManager:220 - loadIPPluginJar : add hash
2026-01-02 20:22:39,915 [INFO] IPUIPlugin:80 - create IPUIPlugin
2026-01-02 20:22:39,916 [INFO] PluginManager:220 - loadIPPluginJar : add tim
2026-01-02 20:22:39,918 [INFO] IPUIPlugin:80 - create IPUIPlugin
2026-01-02 20:22:39,918 [INFO] PluginManager:220 - loadIPPluginJar : add tsc
2026-01-02 20:22:39,922 [INFO] IPUIPlugin:80 - create IPUIPlugin
2026-01-02 20:22:39,923 [INFO] PluginManager:220 - loadIPPluginJar : add extmemmanager
2026-01-02 20:22:39,925 [INFO] IPUIPlugin:80 - create IPUIPlugin
2026-01-02 20:22:39,925 [INFO] PluginManager:220 - loadIPPluginJar : add ts
2026-01-02 20:22:39,926 [INFO] IPUIPlugin:80 - create IPUIPlugin
2026-01-02 20:22:39,926 [INFO] PluginManager:220 - loadIPPluginJar : add radio
2026-01-02 20:22:39,932 [INFO] IPUIPlugin:80 - create IPUIPlugin
2026-01-02 20:22:39,932 [INFO] PluginManager:220 - loadIPPluginJar : add can
2026-01-02 20:22:39,934 [INFO] IPUIPlugin:80 - create IPUIPlugin
2026-01-02 20:22:39,934 [INFO] PluginManager:220 - loadIPPluginJar : add dma3
2026-01-02 20:22:39,938 [INFO] IPUIPlugin:80 - create IPUIPlugin
2026-01-02 20:22:39,938 [INFO] PluginManager:220 - loadIPPluginJar : add dfsdm
2026-01-02 20:22:39,940 [INFO] IPUIPlugin:80 - create IPUIPlugin
2026-01-02 20:22:39,940 [INFO] PluginManager:220 - loadIPPluginJar : add spi
2026-01-02 20:22:39,942 [INFO] IPUIPlugin:80 - create IPUIPlugin
2026-01-02 20:22:39,943 [INFO] PluginManager:220 - loadIPPluginJar : add gfxmmu
2026-01-02 20:22:39,947 [INFO] IPUIPlugin:80 - create IPUIPlugin
2026-01-02 20:22:39,947 [INFO] PluginManager:220 - loadIPPluginJar : add genericplugin
2026-01-02 20:22:39,950 [INFO] IPUIPlugin:80 - create IPUIPlugin
2026-01-02 20:22:39,951 [INFO] PluginManager:220 - loadIPPluginJar : add cryp
2026-01-02 20:22:39,959 [INFO] IPUIPlugin:80 - create IPUIPlugin
2026-01-02 20:22:39,960 [INFO] PluginManager:220 - loadIPPluginJar : add gpio
2026-01-02 20:22:39,985 [INFO] IPUIPlugin:80 - create IPUIPlugin
2026-01-02 20:22:39,987 [INFO] PluginManager:220 - loadIPPluginJar : add ddr_ctrl_phy
2026-01-02 20:22:39,991 [INFO] IPUIPlugin:80 - create IPUIPlugin
2026-01-02 20:22:39,992 [INFO] PluginManager:220 - loadIPPluginJar : add comp
2026-01-02 20:22:40,000 [INFO] IPUIPlugin:80 - create IPUIPlugin
2026-01-02 20:22:40,001 [INFO] PluginManager:220 - loadIPPluginJar : add tracer_emb
2026-01-02 20:22:40,006 [INFO] IPUIPlugin:80 - create IPUIPlugin
2026-01-02 20:22:40,006 [INFO] PluginManager:220 - loadIPPluginJar : add openamp
2026-01-02 20:22:40,016 [INFO] IPUIPlugin:80 - create IPUIPlugin
2026-01-02 20:22:40,017 [INFO] PluginManager:220 - loadIPPluginJar : add stm32_wpan
2026-01-02 20:22:40,023 [INFO] IPUIPlugin:80 - create IPUIPlugin
2026-01-02 20:22:40,030 [INFO] PluginManager:220 - loadIPPluginJar : add plateformsettings
2026-01-02 20:22:40,034 [INFO] IPUIPlugin:80 - create IPUIPlugin
2026-01-02 20:22:40,034 [INFO] PluginManager:220 - loadIPPluginJar : add ipddr
2026-01-02 20:22:40,040 [INFO] IPUIPlugin:80 - create IPUIPlugin
2026-01-02 20:22:40,041 [INFO] PluginManager:220 - loadIPPluginJar : add usart
2026-01-02 20:22:40,043 [INFO] IPUIPlugin:80 - create IPUIPlugin
2026-01-02 20:22:40,043 [INFO] PluginManager:220 - loadIPPluginJar : add ltdc
2026-01-02 20:22:40,054 [INFO] IPUIPlugin:80 - create IPUIPlugin
2026-01-02 20:22:40,054 [INFO] PluginManager:220 - loadIPPluginJar : add nvic
2026-01-02 20:22:40,056 [INFO] IPUIPlugin:80 - create IPUIPlugin
2026-01-02 20:22:40,056 [INFO] PluginManager:220 - loadIPPluginJar : add fatfs
2026-01-02 20:22:40,064 [INFO] IPUIPlugin:80 - create IPUIPlugin
2026-01-02 20:22:40,065 [INFO] PluginManager:220 - loadIPPluginJar : add linkedlist
2026-01-02 20:22:40,071 [INFO] IPUIPlugin:80 - create IPUIPlugin
2026-01-02 20:22:40,071 [INFO] PluginManager:220 - loadIPPluginJar : add dma
2026-01-02 20:22:40,074 [INFO] IPUIPlugin:80 - create IPUIPlugin
2026-01-02 20:22:40,075 [INFO] PluginManager:220 - loadIPPluginJar : add fmc
2026-01-02 20:22:40,077 [INFO] IPUIPlugin:80 - create IPUIPlugin
2026-01-02 20:22:40,078 [INFO] PluginManager:220 - loadIPPluginJar : add i2s
2026-01-02 20:22:40,079 [INFO] IPUIPlugin:80 - create IPUIPlugin
2026-01-02 20:22:40,079 [INFO] PluginManager:220 - loadIPPluginJar : add ucpd
2026-01-02 20:22:40,082 [INFO] IPUIPlugin:80 - create IPUIPlugin
2026-01-02 20:22:40,082 [INFO] PluginManager:220 - loadIPPluginJar : add lorawan
2026-01-02 20:22:40,084 [INFO] IPUIPlugin:80 - create IPUIPlugin
2026-01-02 20:22:40,084 [INFO] PluginManager:220 - loadIPPluginJar : add opamp
2026-01-02 20:22:40,087 [INFO] IPUIPlugin:80 - create IPUIPlugin
2026-01-02 20:22:40,087 [INFO] PluginManager:220 - loadIPPluginJar : add i3c
2026-01-02 20:22:40,091 [INFO] IPUIPlugin:80 - create IPUIPlugin
2026-01-02 20:22:40,094 [INFO] PluginManager:220 - loadIPPluginJar : add touchsensing
2026-01-02 20:22:40,101 [INFO] IPUIPlugin:80 - create IPUIPlugin
2026-01-02 20:22:40,103 [INFO] PluginManager:220 - loadIPPluginJar : add i2c
2026-01-02 20:22:40,129 [INFO] IPUIPlugin:80 - create IPUIPlugin
2026-01-02 20:22:40,131 [INFO] PluginManager:220 - loadIPPluginJar : add resmgrutility
2026-01-02 20:22:40,146 [INFO] IPUIPlugin:80 - create IPUIPlugin
2026-01-02 20:22:40,147 [INFO] PluginManager:220 - loadIPPluginJar : add sai
2026-01-02 20:22:40,159 [INFO] IPUIPlugin:80 - create IPUIPlugin
2026-01-02 20:22:40,162 [INFO] PluginManager:220 - loadIPPluginJar : add usbx
2026-01-02 20:22:40,442 [FATAL] Updater:351 - Updater called before beeing initialized
2026-01-02 20:22:40,536 [INFO] RulesReader:64 - Compatibility file has been processed (317 Rules)
2026-01-02 20:22:40,675 [INFO] RulesReader:64 - Compatibility file has been processed (317 Rules)
2026-01-02 20:22:40,695 [INFO] CADModel:165 - CPN selected for project level
2026-01-02 20:22:40,695 [INFO] CADModel:114 - Register for checkConnection events
2026-01-02 20:22:40,695 [FATAL] Updater:351 - Updater called before beeing initialized
2026-01-02 20:22:40,696 [ERROR] CADModel:125 - Updater not yet initialized, retry later 
2026-01-02 20:22:40,930 [INFO] ThirdPartyUpdaterWithRetryManager:70 - Updater plugin not ready yet. [2/15]
2026-01-02 20:22:41,048 [FATAL] Updater:351 - Updater called before beeing initialized
2026-01-02 20:22:41,051 [INFO] CADModel:165 - CPN selected for project level
2026-01-02 20:22:41,051 [INFO] CADModel:114 - Register for checkConnection events
2026-01-02 20:22:41,052 [FATAL] Updater:351 - Updater called before beeing initialized
2026-01-02 20:22:41,052 [ERROR] CADModel:125 - Updater not yet initialized, retry later 
2026-01-02 20:22:41,055 [FATAL] Updater:351 - Updater called before beeing initialized
2026-01-02 20:22:41,269 [FATAL] Updater:351 - Updater called before beeing initialized
2026-01-02 20:22:41,274 [INFO] DbMcusAds:53 - JSON generation date=Mon Dec 15 15:11:46 PST 2025 (1765840306612)
2026-01-02 20:22:41,274 [FATAL] Updater:351 - Updater called before beeing initialized
2026-01-02 20:22:41,337 [WARN] DetailPanel:346 - Failed to get advertising image, set to default
2026-01-02 20:22:41,443 [FATAL] Updater:351 - Updater called before beeing initialized
2026-01-02 20:22:41,447 [FATAL] Updater:351 - Updater called before beeing initialized
2026-01-02 20:22:41,448 [FATAL] Updater:351 - Updater called before beeing initialized
2026-01-02 20:22:41,449 [WARN] DetailPanel:346 - Failed to get advertising image, set to default
2026-01-02 20:22:41,452 [FATAL] Updater:351 - Updater called before beeing initialized
2026-01-02 20:22:41,521 [ERROR] Updater:1198 - MainUpdater not yet initialized. External WinMGr cannot be set.
2026-01-02 20:22:41,525 [INFO] Updater:1134 - Updater Version found : 6.15.0
2026-01-02 20:22:41,541 [INFO] ApplicationProperties:184 - Using Application install path: /Applications/STM32CubeIDE.app/Contents/Eclipse/plugins/com.st.stm32cube.common.mx_6.15.0.202507011659
2026-01-02 20:22:41,917 [INFO] MainUpdater:2872 - connection check result : 10
2026-01-02 20:22:41,918 [INFO] MainUpdater:289 - Updater Check For Update Now.
2026-01-02 20:22:41,918 [INFO] MicroXplorer:498 - Change Database Version : DB.6.0.150
2026-01-02 20:22:41,929 [INFO] McuFinderGlobals:63 - Set McuFinder mode to 2 (CubeIDE integrated)
2026-01-02 20:22:41,930 [INFO] UserAuth:171 - activating auth plugin
2026-01-02 20:22:41,955 [INFO] UserAuth:487 - Internet connection configuration mode: 1
2026-01-02 20:22:41,988 [INFO] JxBrowserEngine:152 - Initiate JxBrowser Engine with user profile folder
2026-01-02 20:22:42,351 [INFO] CheckServerUpdateThread:120 - End of CheckServer Thread
2026-01-02 20:22:44,336 [WARN] PackLoader:240 - Cannot read IP mode file for STMicroelectronics.FP-SNS-MOTENVWB1.1.4.0
2026-01-02 20:22:44,375 [WARN] PackLoader:240 - Cannot read IP mode file for STMicroelectronics.FP-ATR-ASTRA1.2.0.2
2026-01-02 20:22:44,421 [WARN] PackLoader:240 - Cannot read IP mode file for STMicroelectronics.X-CUBE-SMBUS.2.1.0
2026-01-02 20:22:44,440 [WARN] PackLoader:240 - Cannot read IP mode file for STMicroelectronics.X-CUBE-ST60.1.0.0
2026-01-02 20:22:44,508 [WARN] PackLoader:240 - Cannot read IP mode file for STMicroelectronics.X-CUBE-AZRTOS-F7.1.1.0
2026-01-02 20:22:44,540 [WARN] PackLoader:240 - Cannot read IP mode file for Cesanta.I-CUBE-Mongoose.7.19.0
2026-01-02 20:22:44,550 [WARN] PackLoader:240 - Cannot read IP mode file for STMicroelectronics.FP-SNS-MOTENV1.5.1.0
2026-01-02 20:22:44,572 [WARN] PackLoader:240 - Cannot read IP mode file for WES.I-CUBE-Cesium.1.4.0
2026-01-02 20:22:44,627 [WARN] PackLoader:240 - Cannot read IP mode file for Infineon.AIROC-Wi-Fi-Bluetooth-STM32.1.7.1
2026-01-02 20:22:44,703 [WARN] PackLoader:240 - Cannot read IP mode file for STMicroelectronics.X-CUBE-AZRTOS-H7.3.4.0
2026-01-02 20:22:44,742 [WARN] PackLoader:240 - Cannot read IP mode file for STMicroelectronics.X-CUBE-DISPLAY.3.0.0
2026-01-02 20:22:44,783 [WARN] PackLoader:240 - Cannot read IP mode file for STMicroelectronics.X-CUBE-NFC10.1.0.0
2026-01-02 20:22:44,804 [WARN] PackLoader:240 - Cannot read IP mode file for STMicroelectronics.X-CUBE-ST60.1.1.0
2026-01-02 20:22:44,813 [WARN] PackLoader:240 - Cannot read IP mode file for emotas.I-CUBE-CANOPEN.1.3.0
2026-01-02 20:22:44,824 [WARN] PackLoader:240 - Cannot read IP mode file for STMicroelectronics.X-CUBE-GNSS1.7.1.0
2026-01-02 20:22:44,837 [WARN] PackLoader:240 - Cannot read IP mode file for STMicroelectronics.FP-SNS-STBOX1.2.1.0
2026-01-02 20:22:44,847 [WARN] PackLoader:240 - Cannot read IP mode file for STMicroelectronics.FP-SNS-SMARTAG2.1.2.0
2026-01-02 20:22:44,851 [WARN] PackLoader:240 - Cannot read IP mode file for STMicroelectronics.FP-SNS-FLIGHT1.5.1.0
2026-01-02 20:22:44,862 [INFO] LogOutputStream:77 - [STDOUT_REDIRECT] 1 : Invalid condition id : UX_CORESTACK_Condition cause : null
2026-01-02 20:22:44,864 [INFO] LogOutputStream:77 - [STDOUT_REDIRECT] 1 : Invalid condition id : UX_CORESTACK_Condition cause : null
2026-01-02 20:22:44,864 [INFO] LogOutputStream:77 - [STDOUT_REDIRECT] 1 : Invalid condition id : UX_CORESTACK_Condition cause : null
2026-01-02 20:22:44,864 [INFO] LogOutputStream:77 - [STDOUT_REDIRECT] 1 : Invalid condition id : UX_CORESTACK_Condition cause : null
2026-01-02 20:22:44,865 [INFO] LogOutputStream:77 - [STDOUT_REDIRECT] 1 : Invalid condition id : UX_CORESTACK_Condition cause : null
2026-01-02 20:22:44,872 [WARN] PackLoader:240 - Cannot read IP mode file for STMicroelectronics.X-CUBE-AZRTOS-WL.2.0.0
2026-01-02 20:22:44,881 [WARN] PackLoader:240 - Cannot read IP mode file for STMicroelectronics.FP-SNS-MOTENV1.5.0.0
2026-01-02 20:22:44,918 [WARN] PackLoader:240 - Cannot read IP mode file for STMicroelectronics.X-CUBE-AZRTOS-H7RS.1.2.0
2026-01-02 20:22:44,937 [WARN] PackLoader:240 - Cannot read IP mode file for WES.I-CUBE-Cesium.1.3.0
2026-01-02 20:22:44,948 [WARN] PackLoader:240 - Cannot read IP mode file for STMicroelectronics.X-CUBE-BLE2.3.3.0
2026-01-02 20:22:44,988 [WARN] PackLoader:240 - Cannot read IP mode file for STMicroelectronics.X-CUBE-NFC9.1.0.0
2026-01-02 20:22:45,004 [WARN] PackLoader:240 - Cannot read IP mode file for wolfSSL.I-CUBE-wolfSSL.5.8.2
2026-01-02 20:22:45,011 [WARN] PackLoader:240 - Cannot read IP mode file for STMicroelectronics.X-CUBE-BLE1.7.1.0
2026-01-02 20:22:45,016 [WARN] PackLoader:240 - Cannot read IP mode file for wolfSSL.I-CUBE-wolfMQTT.1.19.2
2026-01-02 20:22:45,028 [WARN] PackLoader:240 - Cannot read IP mode file for STMicroelectronics.X-CUBE-FREERTOS.1.4.0
2026-01-02 20:22:45,040 [WARN] PackLoader:240 - Cannot read IP mode file for STMicroelectronics.X-CUBE-EEPRMA1.5.2.0
2026-01-02 20:22:45,613 [WARN] PackLoader:240 - Cannot read IP mode file for STMicroelectronics.X-CUBE-ST67W61.1.1.0
2026-01-02 20:22:45,688 [WARN] PackLoader:240 - Cannot read IP mode file for STMicroelectronics.X-CUBE-AI.10.1.0
2026-01-02 20:22:45,821 [WARN] PackLoader:240 - Cannot read IP mode file for STMicroelectronics.X-CUBE-MEMS1.12.0.0
2026-01-02 20:22:45,933 [WARN] PackLoader:240 - Cannot read IP mode file for STMicroelectronics.X-CUBE-AZRTOS-G0.1.1.0
2026-01-02 20:22:45,944 [WARN] PackLoader:240 - Cannot read IP mode file for STMicroelectronics.X-CUBE-SAFEA1.1.2.2
2026-01-02 20:22:45,967 [WARN] PackLoader:240 - Cannot read IP mode file for STMicroelectronics.X-CUBE-NFC4.3.0.0
2026-01-02 20:22:45,984 [WARN] PackLoader:240 - Cannot read IP mode file for EmbeddedOffice.I-CUBE-FS-RTOS.1.0.1
2026-01-02 20:22:45,998 [WARN] PackLoader:240 - Cannot read IP mode file for STMicroelectronics.X-CUBE-WB05N.2.0.0
2026-01-02 20:22:46,007 [WARN] PackLoader:240 - Cannot read IP mode file for wolfSSL.I-CUBE-wolfTPM.3.8.0
2026-01-02 20:22:46,023 [WARN] PackLoader:240 - Cannot read IP mode file for STMicroelectronics.X-CUBE-TCPP.4.2.0
2026-01-02 20:22:46,044 [WARN] PackLoader:240 - Cannot read IP mode file for RealThread.X-CUBE-RT-Thread_Nano.4.1.1
2026-01-02 20:22:46,047 [WARN] PackLoader:240 - Cannot read IP mode file for STMicroelectronics.FP-ATR-SIGFOX1.3.2.0
2026-01-02 20:22:46,056 [WARN] PackLoader:240 - Cannot read IP mode file for ITTIA_DB.I-CUBE-ITTIADB.8.9.0
2026-01-02 20:22:46,074 [WARN] PackLoader:240 - Cannot read IP mode file for STMicroelectronics.X-CUBE-ST67W61.1.0.0
2026-01-02 20:22:46,081 [WARN] PackLoader:240 - Cannot read IP mode file for STMicroelectronics.X-CUBE-AI.10.2.0
2026-01-02 20:22:46,149 [WARN] PackLoader:240 - Cannot read IP mode file for SEGGER.I-CUBE-embOS.1.3.1
2026-01-02 20:22:46,197 [WARN] PackLoader:240 - Cannot read IP mode file for STMicroelectronics.X-CUBE-ALGOBUILD.1.4.0
2026-01-02 20:22:46,272 [WARN] PackLoader:240 - Cannot read IP mode file for STMicroelectronics.X-CUBE-MEMS1.11.3.0
2026-01-02 20:22:46,385 [WARN] PackLoader:240 - Cannot read IP mode file for STMicroelectronics.X-CUBE-PM33A1.1.0.0
2026-01-02 20:22:46,412 [WARN] PackLoader:240 - Cannot read IP mode file for STMicroelectronics.X-CUBE-AZRTOS-F4.1.1.0
2026-01-02 20:22:46,423 [WARN] PackLoader:240 - Cannot read IP mode file for Avnet-IotConnect.X-CUBE-IoTC-DA16k-PMOD.1.0.0
2026-01-02 20:22:46,428 [WARN] PackLoader:240 - Cannot read IP mode file for STMicroelectronics.X-CUBE-ISPU.2.1.0
2026-01-02 20:22:46,461 [WARN] PackLoader:240 - Cannot read IP mode file for STMicroelectronics.X-CUBE-IPS.3.2.0
2026-01-02 20:22:46,501 [WARN] PackLoader:240 - Cannot read IP mode file for STMicroelectronics.X-CUBE-NFC12.1.0.0
2026-01-02 20:22:46,541 [WARN] PackLoader:240 - Cannot read IP mode file for STMicroelectronics.X-CUBE-AZRTOS-L5.2.0.0
2026-01-02 20:22:46,567 [WARN] PackLoader:240 - Cannot read IP mode file for STMicroelectronics.X-CUBE-NFC6.3.1.0
2026-01-02 20:22:46,863 [WARN] PackLoader:240 - Cannot read IP mode file for STMicroelectronics.X-CUBE-FREERTOS.1.3.1
2026-01-02 20:22:46,928 [WARN] PackLoader:240 - Cannot read IP mode file for STMicroelectronics.X-CUBE-TOUCHGFX.4.26.0
2026-01-02 20:22:46,954 [WARN] PackLoader:240 - Cannot read IP mode file for STMicroelectronics.FP-SNS-STAIOTCFT.1.0.0
2026-01-02 20:22:46,967 [WARN] PackLoader:240 - Cannot read IP mode file for STMicroelectronics.X-CUBE-DPower.1.3.0
2026-01-02 20:22:46,991 [WARN] ConditionMgr:438 - getConditionDescription Invalid condition id : LAN8742 Phy interface Condition cause : null
2026-01-02 20:22:46,993 [WARN] PackLoader:240 - Cannot read IP mode file for STMicroelectronics.X-CUBE-AZRTOS-L4.2.0.0
2026-01-02 20:22:46,997 [WARN] ConditionMgr:1044 - genDependencies : Invalid condition id : LAN8742 Phy interface Condition cause : null
2026-01-02 20:22:46,998 [WARN] ConditionMgr:1044 - genDependencies : Invalid condition id : LAN8742 Phy interface Condition cause : null
2026-01-02 20:22:46,999 [WARN] ConditionMgr:1044 - genDependencies : Invalid condition id : LAN8742 Phy interface Condition cause : null
2026-01-02 20:22:47,012 [WARN] PackLoader:240 - Cannot read IP mode file for STMicroelectronics.X-CUBE-SFXS2LP1.4.0.0
2026-01-02 20:22:47,033 [WARN] PackLoader:240 - Cannot read IP mode file for STMicroelectronics.X-CUBE-BLEMGR.4.1.0
2026-01-02 20:22:47,054 [WARN] ConditionMgr:438 - getConditionDescription Invalid condition id : UX DEVICE CLASS RTOS Condition cause : null
2026-01-02 20:22:47,055 [WARN] ConditionMgr:438 - getConditionDescription Invalid condition id : UX DEVICE CLASS RTOS Condition cause : null
2026-01-02 20:22:47,062 [WARN] PackLoader:240 - Cannot read IP mode file for STMicroelectronics.X-CUBE-AZRTOS-WB.2.0.0
2026-01-02 20:22:47,063 [WARN] ConditionMgr:1044 - genDependencies : Invalid condition id : UX DEVICE CLASS RTOS Condition cause : null
2026-01-02 20:22:47,064 [WARN] ConditionMgr:1044 - genDependencies : Invalid condition id : UX DEVICE CLASS RTOS Condition cause : null
2026-01-02 20:22:47,065 [WARN] ConditionMgr:1044 - genDependencies : Invalid condition id : UX DEVICE CLASS RTOS Condition cause : null
2026-01-02 20:22:47,065 [WARN] ConditionMgr:1044 - genDependencies : Invalid condition id : UX DEVICE CLASS RTOS Condition cause : null
2026-01-02 20:22:47,066 [WARN] ConditionMgr:1044 - genDependencies : Invalid condition id : UX DEVICE CLASS RTOS Condition cause : null
2026-01-02 20:22:47,076 [WARN] PackLoader:240 - Cannot read IP mode file for STMicroelectronics.X-CUBE-GNSS1.7.0.1
2026-01-02 20:22:47,083 [WARN] PackLoader:240 - Cannot read IP mode file for STMicroelectronics.X-CUBE-TOUCHGFX.4.25.0
2026-01-02 20:22:47,089 [WARN] PackLoader:240 - Cannot read IP mode file for STMicroelectronics.FP-SNS-STBOX1.2.0.0
2026-01-02 20:22:47,095 [WARN] ConditionMgr:438 - getConditionDescription Invalid condition id : Cortex-A Device cause : null
2026-01-02 20:22:47,129 [WARN] ConditionMgr:1044 - genDependencies : Invalid condition id : Cortex-A Device cause : null
2026-01-02 20:22:47,129 [WARN] ConditionMgr:1044 - genDependencies : Invalid condition id : Cortex-A Device cause : null
2026-01-02 20:22:47,129 [WARN] ConditionMgr:1044 - genDependencies : Invalid condition id : Cortex-A Device cause : null
2026-01-02 20:22:47,141 [WARN] PackLoader:240 - Cannot read IP mode file for STMicroelectronics.X-CUBE-SUBG2.5.0.0
2026-01-02 20:22:47,172 [WARN] PackLoader:240 - Cannot read IP mode file for STMicroelectronics.X-CUBE-AZRTOS-H7RS.1.1.0
2026-01-02 20:22:47,182 [WARN] PackLoader:240 - Cannot read IP mode file for Cesanta.I-CUBE-Mongoose.7.13.0
2026-01-02 20:22:47,200 [WARN] PackLoader:240 - Cannot read IP mode file for STMicroelectronics.X-CUBE-AZRTOS-G4.2.0.0
2026-01-02 20:22:47,207 [WARN] PackLoader:240 - Cannot read IP mode file for wolfSSL.I-CUBE-wolfSSH.1.4.20
2026-01-02 20:22:47,214 [WARN] PackLoader:240 - Cannot read IP mode file for STMicroelectronics.X-CUBE-NFC7.2.0.0
2026-01-02 20:22:47,225 [WARN] PackLoader:240 - Cannot read IP mode file for STMicroelectronics.X-CUBE-IPS.3.1.0
2026-01-02 20:22:47,234 [WARN] PackLoader:240 - Cannot read IP mode file for STMicroelectronics.X-CUBE-ALS.1.0.2
2026-01-02 20:22:47,249 [WARN] PackLoader:240 - Cannot read IP mode file for STMicroelectronics.X-CUBE-STSE01.1.0.0
2026-01-02 20:22:47,268 [WARN] PackLoader:240 - Cannot read IP mode file for portGmbH.I-Cube-SoM-uGOAL.1.1.0
2026-01-02 20:22:47,299 [WARN] PackLoader:240 - Cannot read IP mode file for STMicroelectronics.X-CUBE-TOF1.3.4.3
2026-01-02 20:22:47,331 [INFO] ThirdParty:978 - Integrity check success = true
2026-01-02 20:22:47,331 [INFO] IntegrityCheckThread:100 - exiting critical section [integrity check]
2026-01-02 20:22:47,331 [INFO] IntegrityCheckThread:103 - End integrity checks thread
2026-01-02 20:22:49,721 [INFO] WebApp:169 - Instantiating new browser for Auth
2026-01-02 20:22:51,623 [INFO] WebApp:463 - Apply proxy settings
2026-01-02 20:22:51,645 [INFO] WebApp:508 - Chromium authenticates against Manually configured proxy
2026-01-02 20:22:51,661 [INFO] WebApp:516 - Username used for proxy authentication: 
2026-01-02 20:22:51,709 [INFO] WebApp:900 - Register for checkConnection events
2026-01-02 20:22:51,709 [INFO] WebApp:463 - Apply proxy settings
2026-01-02 20:22:51,717 [INFO] WebApp:508 - Chromium authenticates against Manually configured proxy
2026-01-02 20:22:51,718 [INFO] WebApp:516 - Username used for proxy authentication: 
2026-01-02 20:22:51,898 [INFO] WebApp:225 - Starting web application
2026-01-02 20:22:51,899 [INFO] WebApp:593 - Web application path used /Applications/STM32CubeIDE.app/Contents/Eclipse/plugins/com.st.stm32cube.common.mx_6.15.0.202507011659/db/plugins/mcufinder/reactClient1/index.html
2026-01-02 20:22:52,480 [INFO] WebApp:191 - Connection restablished
